The system is: Linux - 6.6.87.2-microsoft-standard-WSL2 - x86_64
Compiling the CXX compiler identification source file "CMakeCXXCompilerId.cpp" succeeded.
Compiler: /usr/bin/g++ 
Build flags: 
Id flags:  

The output was:
0


Compilation of the CXX compiler identification source "CMakeCXXCompilerId.cpp" produced "a.out"

The CXX compiler identification is GNU, found in "/home/krish/MTP/ns3/ns-allinone-3.36.1/ns-3.36.1/build/CMakeFiles/3.22.1/CompilerIdCXX/a.out"

Detecting CXX compiler ABI info compiled with the following output:
Change Dir: /home/krish/MTP/ns3/ns-allinone-3.36.1/ns-3.36.1/build/CMakeFiles/CMakeTmp

Run Build Command(s):/usr/bin/gmake -f Makefile cmTC_463e9/fast && /usr/bin/gmake  -f CMakeFiles/cmTC_463e9.dir/build.make CMakeFiles/cmTC_463e9.dir/build
gmake[1]: Entering directory '/home/krish/MTP/ns3/ns-allinone-3.36.1/ns-3.36.1/build/CMakeFiles/CMakeTmp'
Building CXX object CMakeFiles/cmTC_463e9.dir/CMakeCXXCompilerABI.cpp.o
/usr/bin/g++   -v -o CMakeFiles/cmTC_463e9.dir/CMakeCXXCompilerABI.cpp.o -c /usr/share/cmake-3.22/Modules/CMakeCXXCompilerABI.cpp
Using built-in specs.
COLLECT_GCC=/usr/bin/g++
OFFLOAD_TARGET_NAMES=nvptx-none:amdgcn-amdhsa
OFFLOAD_TARGET_DEFAULT=1
Target: x86_64-linux-gnu
Configured with: ../src/configure -v --with-pkgversion='Ubuntu 11.4.0-1ubuntu1~22.04.2' --with-bugurl=file:///usr/share/doc/gcc-11/README.Bugs --enable-languages=c,ada,c++,go,brig,d,fortran,objc,obj-c++,m2 --prefix=/usr --with-gcc-major-version-only --program-suffix=-11 --program-prefix=x86_64-linux-gnu- --enable-shared --enable-linker-build-id --libexecdir=/usr/lib --without-included-gettext --enable-threads=posix --libdir=/usr/lib --enable-nls --enable-bootstrap --enable-clocale=gnu --enable-libstdcxx-debug --enable-libstdcxx-time=yes --with-default-libstdcxx-abi=new --enable-gnu-unique-object --disable-vtable-verify --enable-plugin --enable-default-pie --with-system-zlib --enable-libphobos-checking=release --with-target-system-zlib=auto --enable-objc-gc=auto --enable-multiarch --disable-werror --enable-cet --with-arch-32=i686 --with-abi=m64 --with-multilib-list=m32,m64,mx32 --enable-multilib --with-tune=generic --enable-offload-targets=nvptx-none=/build/gcc-11-2Y5pKs/gcc-11-11.4.0/debian/tmp-nvptx/usr,amdgcn-amdhsa=/build/gcc-11-2Y5pKs/gcc-11-11.4.0/debian/tmp-gcn/usr --without-cuda-driver --enable-checking=release --build=x86_64-linux-gnu --host=x86_64-linux-gnu --target=x86_64-linux-gnu --with-build-config=bootstrap-lto-lean --enable-link-serialization=2
Thread model: posix
Supported LTO compression algorithms: zlib zstd
gcc version 11.4.0 (Ubuntu 11.4.0-1ubuntu1~22.04.2) 
COLLECT_GCC_OPTIONS='-v' '-o' 'CMakeFiles/cmTC_463e9.dir/CMakeCXXCompilerABI.cpp.o' '-c' '-shared-libgcc' '-mtune=generic' '-march=x86-64' '-dumpdir' 'CMakeFiles/cmTC_463e9.dir/'
 /usr/lib/gcc/x86_64-linux-gnu/11/cc1plus -quiet -v -imultiarch x86_64-linux-gnu -D_GNU_SOURCE /usr/share/cmake-3.22/Modules/CMakeCXXCompilerABI.cpp -quiet -dumpdir CMakeFiles/cmTC_463e9.dir/ -dumpbase CMakeCXXCompilerABI.cpp.cpp -dumpbase-ext .cpp -mtune=generic -march=x86-64 -version -fasynchronous-unwind-tables -fstack-protector-strong -Wformat -Wformat-security -fstack-clash-protection -fcf-protection -o /tmp/ccMzPIr0.s
GNU C++17 (Ubuntu 11.4.0-1ubuntu1~22.04.2) version 11.4.0 (x86_64-linux-gnu)
	compiled by GNU C version 11.4.0, GMP version 6.2.1, MPFR version 4.1.0, MPC version 1.2.1, isl version isl-0.24-GMP

GGC heuristics: --param ggc-min-expand=100 --param ggc-min-heapsize=131072
ignoring duplicate directory "/usr/include/x86_64-linux-gnu/c++/11"
ignoring nonexistent directory "/usr/local/include/x86_64-linux-gnu"
ignoring nonexistent directory "/usr/lib/gcc/x86_64-linux-gnu/11/include-fixed"
ignoring nonexistent directory "/usr/lib/gcc/x86_64-linux-gnu/11/../../../../x86_64-linux-gnu/include"
#include "..." search starts here:
#include <...> search starts here:
 /usr/include/c++/11
 /usr/include/x86_64-linux-gnu/c++/11
 /usr/include/c++/11/backward
 /usr/lib/gcc/x86_64-linux-gnu/11/include
 /usr/local/include
 /usr/include/x86_64-linux-gnu
 /usr/include
End of search list.
GNU C++17 (Ubuntu 11.4.0-1ubuntu1~22.04.2) version 11.4.0 (x86_64-linux-gnu)
	compiled by GNU C version 11.4.0, GMP version 6.2.1, MPFR version 4.1.0, MPC version 1.2.1, isl version isl-0.24-GMP

GGC heuristics: --param ggc-min-expand=100 --param ggc-min-heapsize=131072
Compiler executable checksum: 6c87588fc345655b93b8c25f48f88886
COLLECT_GCC_OPTIONS='-v' '-o' 'CMakeFiles/cmTC_463e9.dir/CMakeCXXCompilerABI.cpp.o' '-c' '-shared-libgcc' '-mtune=generic' '-march=x86-64' '-dumpdir' 'CMakeFiles/cmTC_463e9.dir/'
 as -v --64 -o CMakeFiles/cmTC_463e9.dir/CMakeCXXCompilerABI.cpp.o /tmp/ccMzPIr0.s
GNU assembler version 2.38 (x86_64-linux-gnu) using BFD version (GNU Binutils for Ubuntu) 2.38
COMPILER_PATH=/usr/lib/gcc/x86_64-linux-gnu/11/:/usr/lib/gcc/x86_64-linux-gnu/11/:/usr/lib/gcc/x86_64-linux-gnu/:/usr/lib/gcc/x86_64-linux-gnu/11/:/usr/lib/gcc/x86_64-linux-gnu/
LIBRARY_PATH=/usr/lib/gcc/x86_64-linux-gnu/11/:/usr/lib/gcc/x86_64-linux-gnu/11/../../../x86_64-linux-gnu/:/usr/lib/gcc/x86_64-linux-gnu/11/../../../../lib/:/lib/x86_64-linux-gnu/:/lib/../lib/:/usr/lib/x86_64-linux-gnu/:/usr/lib/../lib/:/usr/lib/gcc/x86_64-linux-gnu/11/../../../:/lib/:/usr/lib/
COLLECT_GCC_OPTIONS='-v' '-o' 'CMakeFiles/cmTC_463e9.dir/CMakeCXXCompilerABI.cpp.o' '-c' '-shared-libgcc' '-mtune=generic' '-march=x86-64' '-dumpdir' 'CMakeFiles/cmTC_463e9.dir/CMakeCXXCompilerABI.cpp.'
Linking CXX executable cmTC_463e9
/usr/bin/cmake -E cmake_link_script CMakeFiles/cmTC_463e9.dir/link.txt --verbose=1
/usr/bin/g++  -v CMakeFiles/cmTC_463e9.dir/CMakeCXXCompilerABI.cpp.o -o cmTC_463e9 
Using built-in specs.
COLLECT_GCC=/usr/bin/g++
COLLECT_LTO_WRAPPER=/usr/lib/gcc/x86_64-linux-gnu/11/lto-wrapper
OFFLOAD_TARGET_NAMES=nvptx-none:amdgcn-amdhsa
OFFLOAD_TARGET_DEFAULT=1
Target: x86_64-linux-gnu
Configured with: ../src/configure -v --with-pkgversion='Ubuntu 11.4.0-1ubuntu1~22.04.2' --with-bugurl=file:///usr/share/doc/gcc-11/README.Bugs --enable-languages=c,ada,c++,go,brig,d,fortran,objc,obj-c++,m2 --prefix=/usr --with-gcc-major-version-only --program-suffix=-11 --program-prefix=x86_64-linux-gnu- --enable-shared --enable-linker-build-id --libexecdir=/usr/lib --without-included-gettext --enable-threads=posix --libdir=/usr/lib --enable-nls --enable-bootstrap --enable-clocale=gnu --enable-libstdcxx-debug --enable-libstdcxx-time=yes --with-default-libstdcxx-abi=new --enable-gnu-unique-object --disable-vtable-verify --enable-plugin --enable-default-pie --with-system-zlib --enable-libphobos-checking=release --with-target-system-zlib=auto --enable-objc-gc=auto --enable-multiarch --disable-werror --enable-cet --with-arch-32=i686 --with-abi=m64 --with-multilib-list=m32,m64,mx32 --enable-multilib --with-tune=generic --enable-offload-targets=nvptx-none=/build/gcc-11-2Y5pKs/gcc-11-11.4.0/debian/tmp-nvptx/usr,amdgcn-amdhsa=/build/gcc-11-2Y5pKs/gcc-11-11.4.0/debian/tmp-gcn/usr --without-cuda-driver --enable-checking=release --build=x86_64-linux-gnu --host=x86_64-linux-gnu --target=x86_64-linux-gnu --with-build-config=bootstrap-lto-lean --enable-link-serialization=2
Thread model: posix
Supported LTO compression algorithms: zlib zstd
gcc version 11.4.0 (Ubuntu 11.4.0-1ubuntu1~22.04.2) 
COMPILER_PATH=/usr/lib/gcc/x86_64-linux-gnu/11/:/usr/lib/gcc/x86_64-linux-gnu/11/:/usr/lib/gcc/x86_64-linux-gnu/:/usr/lib/gcc/x86_64-linux-gnu/11/:/usr/lib/gcc/x86_64-linux-gnu/
LIBRARY_PATH=/usr/lib/gcc/x86_64-linux-gnu/11/:/usr/lib/gcc/x86_64-linux-gnu/11/../../../x86_64-linux-gnu/:/usr/lib/gcc/x86_64-linux-gnu/11/../../../../lib/:/lib/x86_64-linux-gnu/:/lib/../lib/:/usr/lib/x86_64-linux-gnu/:/usr/lib/../lib/:/usr/lib/gcc/x86_64-linux-gnu/11/../../../:/lib/:/usr/lib/
COLLECT_GCC_OPTIONS='-v' '-o' 'cmTC_463e9' '-shared-libgcc' '-mtune=generic' '-march=x86-64' '-dumpdir' 'cmTC_463e9.'
 /usr/lib/gcc/x86_64-linux-gnu/11/collect2 -plugin /usr/lib/gcc/x86_64-linux-gnu/11/liblto_plugin.so -plugin-opt=/usr/lib/gcc/x86_64-linux-gnu/11/lto-wrapper -plugin-opt=-fresolution=/tmp/ccFDnBuZ.res -plugin-opt=-pass-through=-lgcc_s -plugin-opt=-pass-through=-lgcc -plugin-opt=-pass-through=-lc -plugin-opt=-pass-through=-lgcc_s -plugin-opt=-pass-through=-lgcc --build-id --eh-frame-hdr -m elf_x86_64 --hash-style=gnu --as-needed -dynamic-linker /lib64/ld-linux-x86-64.so.2 -pie -z now -z relro -o cmTC_463e9 /usr/lib/gcc/x86_64-linux-gnu/11/../../../x86_64-linux-gnu/Scrt1.o /usr/lib/gcc/x86_64-linux-gnu/11/../../../x86_64-linux-gnu/crti.o /usr/lib/gcc/x86_64-linux-gnu/11/crtbeginS.o -L/usr/lib/gcc/x86_64-linux-gnu/11 -L/usr/lib/gcc/x86_64-linux-gnu/11/../../../x86_64-linux-gnu -L/usr/lib/gcc/x86_64-linux-gnu/11/../../../../lib -L/lib/x86_64-linux-gnu -L/lib/../lib -L/usr/lib/x86_64-linux-gnu -L/usr/lib/../lib -L/usr/lib/gcc/x86_64-linux-gnu/11/../../.. CMakeFiles/cmTC_463e9.dir/CMakeCXXCompilerABI.cpp.o -lstdc++ -lm -lgcc_s -lgcc -lc -lgcc_s -lgcc /usr/lib/gcc/x86_64-linux-gnu/11/crtendS.o /usr/lib/gcc/x86_64-linux-gnu/11/../../../x86_64-linux-gnu/crtn.o
COLLECT_GCC_OPTIONS='-v' '-o' 'cmTC_463e9' '-shared-libgcc' '-mtune=generic' '-march=x86-64' '-dumpdir' 'cmTC_463e9.'
gmake[1]: Leaving directory '/home/krish/MTP/ns3/ns-allinone-3.36.1/ns-3.36.1/build/CMakeFiles/CMakeTmp'



Parsed CXX implicit include dir info from above output: rv=done
  found start of include info
  found start of implicit include info
    add: [/usr/include/c++/11]
    add: [/usr/include/x86_64-linux-gnu/c++/11]
    add: [/usr/include/c++/11/backward]
    add: [/usr/lib/gcc/x86_64-linux-gnu/11/include]
    add: [/usr/local/include]
    add: [/usr/include/x86_64-linux-gnu]
    add: [/usr/include]
  end of search list found
  collapse include dir [/usr/include/c++/11] ==> [/usr/include/c++/11]
  collapse include dir [/usr/include/x86_64-linux-gnu/c++/11] ==> [/usr/include/x86_64-linux-gnu/c++/11]
  collapse include dir [/usr/include/c++/11/backward] ==> [/usr/include/c++/11/backward]
  collapse include dir [/usr/lib/gcc/x86_64-linux-gnu/11/include] ==> [/usr/lib/gcc/x86_64-linux-gnu/11/include]
  collapse include dir [/usr/local/include] ==> [/usr/local/include]
  collapse include dir [/usr/include/x86_64-linux-gnu] ==> [/usr/include/x86_64-linux-gnu]
  collapse include dir [/usr/include] ==> [/usr/include]
  implicit include dirs: [/usr/include/c++/11;/usr/include/x86_64-linux-gnu/c++/11;/usr/include/c++/11/backward;/usr/lib/gcc/x86_64-linux-gnu/11/include;/usr/local/include;/usr/include/x86_64-linux-gnu;/usr/include]


Parsed CXX implicit link information from above output:
  link line regex: [^( *|.*[/\])(ld|CMAKE_LINK_STARTFILE-NOTFOUND|([^/\]+-)?ld|collect2)[^/\]*( |$)]
  ignore line: [Change Dir: /home/krish/MTP/ns3/ns-allinone-3.36.1/ns-3.36.1/build/CMakeFiles/CMakeTmp]
  ignore line: []
  ignore line: [Run Build Command(s):/usr/bin/gmake -f Makefile cmTC_463e9/fast && /usr/bin/gmake  -f CMakeFiles/cmTC_463e9.dir/build.make CMakeFiles/cmTC_463e9.dir/build]
  ignore line: [gmake[1]: Entering directory '/home/krish/MTP/ns3/ns-allinone-3.36.1/ns-3.36.1/build/CMakeFiles/CMakeTmp']
  ignore line: [Building CXX object CMakeFiles/cmTC_463e9.dir/CMakeCXXCompilerABI.cpp.o]
  ignore line: [/usr/bin/g++   -v -o CMakeFiles/cmTC_463e9.dir/CMakeCXXCompilerABI.cpp.o -c /usr/share/cmake-3.22/Modules/CMakeCXXCompilerABI.cpp]
  ignore line: [Using built-in specs.]
  ignore line: [COLLECT_GCC=/usr/bin/g++]
  ignore line: [OFFLOAD_TARGET_NAMES=nvptx-none:amdgcn-amdhsa]
  ignore line: [OFFLOAD_TARGET_DEFAULT=1]
  ignore line: [Target: x86_64-linux-gnu]
  ignore line: [Configured with: ../src/configure -v --with-pkgversion='Ubuntu 11.4.0-1ubuntu1~22.04.2' --with-bugurl=file:///usr/share/doc/gcc-11/README.Bugs --enable-languages=c ada c++ go brig d fortran objc obj-c++ m2 --prefix=/usr --with-gcc-major-version-only --program-suffix=-11 --program-prefix=x86_64-linux-gnu- --enable-shared --enable-linker-build-id --libexecdir=/usr/lib --without-included-gettext --enable-threads=posix --libdir=/usr/lib --enable-nls --enable-bootstrap --enable-clocale=gnu --enable-libstdcxx-debug --enable-libstdcxx-time=yes --with-default-libstdcxx-abi=new --enable-gnu-unique-object --disable-vtable-verify --enable-plugin --enable-default-pie --with-system-zlib --enable-libphobos-checking=release --with-target-system-zlib=auto --enable-objc-gc=auto --enable-multiarch --disable-werror --enable-cet --with-arch-32=i686 --with-abi=m64 --with-multilib-list=m32 m64 mx32 --enable-multilib --with-tune=generic --enable-offload-targets=nvptx-none=/build/gcc-11-2Y5pKs/gcc-11-11.4.0/debian/tmp-nvptx/usr amdgcn-amdhsa=/build/gcc-11-2Y5pKs/gcc-11-11.4.0/debian/tmp-gcn/usr --without-cuda-driver --enable-checking=release --build=x86_64-linux-gnu --host=x86_64-linux-gnu --target=x86_64-linux-gnu --with-build-config=bootstrap-lto-lean --enable-link-serialization=2]
  ignore line: [Thread model: posix]
  ignore line: [Supported LTO compression algorithms: zlib zstd]
  ignore line: [gcc version 11.4.0 (Ubuntu 11.4.0-1ubuntu1~22.04.2) ]
  ignore line: [COLLECT_GCC_OPTIONS='-v' '-o' 'CMakeFiles/cmTC_463e9.dir/CMakeCXXCompilerABI.cpp.o' '-c' '-shared-libgcc' '-mtune=generic' '-march=x86-64' '-dumpdir' 'CMakeFiles/cmTC_463e9.dir/']
  ignore line: [ /usr/lib/gcc/x86_64-linux-gnu/11/cc1plus -quiet -v -imultiarch x86_64-linux-gnu -D_GNU_SOURCE /usr/share/cmake-3.22/Modules/CMakeCXXCompilerABI.cpp -quiet -dumpdir CMakeFiles/cmTC_463e9.dir/ -dumpbase CMakeCXXCompilerABI.cpp.cpp -dumpbase-ext .cpp -mtune=generic -march=x86-64 -version -fasynchronous-unwind-tables -fstack-protector-strong -Wformat -Wformat-security -fstack-clash-protection -fcf-protection -o /tmp/ccMzPIr0.s]
  ignore line: [GNU C++17 (Ubuntu 11.4.0-1ubuntu1~22.04.2) version 11.4.0 (x86_64-linux-gnu)]
  ignore line: [	compiled by GNU C version 11.4.0  GMP version 6.2.1  MPFR version 4.1.0  MPC version 1.2.1  isl version isl-0.24-GMP]
  ignore line: []
  ignore line: [GGC heuristics: --param ggc-min-expand=100 --param ggc-min-heapsize=131072]
  ignore line: [ignoring duplicate directory "/usr/include/x86_64-linux-gnu/c++/11"]
  ignore line: [ignoring nonexistent directory "/usr/local/include/x86_64-linux-gnu"]
  ignore line: [ignoring nonexistent directory "/usr/lib/gcc/x86_64-linux-gnu/11/include-fixed"]
  ignore line: [ignoring nonexistent directory "/usr/lib/gcc/x86_64-linux-gnu/11/../../../../x86_64-linux-gnu/include"]
  ignore line: [#include "..." search starts here:]
  ignore line: [#include <...> search starts here:]
  ignore line: [ /usr/include/c++/11]
  ignore line: [ /usr/include/x86_64-linux-gnu/c++/11]
  ignore line: [ /usr/include/c++/11/backward]
  ignore line: [ /usr/lib/gcc/x86_64-linux-gnu/11/include]
  ignore line: [ /usr/local/include]
  ignore line: [ /usr/include/x86_64-linux-gnu]
  ignore line: [ /usr/include]
  ignore line: [End of search list.]
  ignore line: [GNU C++17 (Ubuntu 11.4.0-1ubuntu1~22.04.2) version 11.4.0 (x86_64-linux-gnu)]
  ignore line: [	compiled by GNU C version 11.4.0  GMP version 6.2.1  MPFR version 4.1.0  MPC version 1.2.1  isl version isl-0.24-GMP]
  ignore line: []
  ignore line: [GGC heuristics: --param ggc-min-expand=100 --param ggc-min-heapsize=131072]
  ignore line: [Compiler executable checksum: 6c87588fc345655b93b8c25f48f88886]
  ignore line: [COLLECT_GCC_OPTIONS='-v' '-o' 'CMakeFiles/cmTC_463e9.dir/CMakeCXXCompilerABI.cpp.o' '-c' '-shared-libgcc' '-mtune=generic' '-march=x86-64' '-dumpdir' 'CMakeFiles/cmTC_463e9.dir/']
  ignore line: [ as -v --64 -o CMakeFiles/cmTC_463e9.dir/CMakeCXXCompilerABI.cpp.o /tmp/ccMzPIr0.s]
  ignore line: [GNU assembler version 2.38 (x86_64-linux-gnu) using BFD version (GNU Binutils for Ubuntu) 2.38]
  ignore line: [COMPILER_PATH=/usr/lib/gcc/x86_64-linux-gnu/11/:/usr/lib/gcc/x86_64-linux-gnu/11/:/usr/lib/gcc/x86_64-linux-gnu/:/usr/lib/gcc/x86_64-linux-gnu/11/:/usr/lib/gcc/x86_64-linux-gnu/]
  ignore line: [LIBRARY_PATH=/usr/lib/gcc/x86_64-linux-gnu/11/:/usr/lib/gcc/x86_64-linux-gnu/11/../../../x86_64-linux-gnu/:/usr/lib/gcc/x86_64-linux-gnu/11/../../../../lib/:/lib/x86_64-linux-gnu/:/lib/../lib/:/usr/lib/x86_64-linux-gnu/:/usr/lib/../lib/:/usr/lib/gcc/x86_64-linux-gnu/11/../../../:/lib/:/usr/lib/]
  ignore line: [COLLECT_GCC_OPTIONS='-v' '-o' 'CMakeFiles/cmTC_463e9.dir/CMakeCXXCompilerABI.cpp.o' '-c' '-shared-libgcc' '-mtune=generic' '-march=x86-64' '-dumpdir' 'CMakeFiles/cmTC_463e9.dir/CMakeCXXCompilerABI.cpp.']
  ignore line: [Linking CXX executable cmTC_463e9]
  ignore line: [/usr/bin/cmake -E cmake_link_script CMakeFiles/cmTC_463e9.dir/link.txt --verbose=1]
  ignore line: [/usr/bin/g++  -v CMakeFiles/cmTC_463e9.dir/CMakeCXXCompilerABI.cpp.o -o cmTC_463e9 ]
  ignore line: [Using built-in specs.]
  ignore line: [COLLECT_GCC=/usr/bin/g++]
  ignore line: [COLLECT_LTO_WRAPPER=/usr/lib/gcc/x86_64-linux-gnu/11/lto-wrapper]
  ignore line: [OFFLOAD_TARGET_NAMES=nvptx-none:amdgcn-amdhsa]
  ignore line: [OFFLOAD_TARGET_DEFAULT=1]
  ignore line: [Target: x86_64-linux-gnu]
  ignore line: [Configured with: ../src/configure -v --with-pkgversion='Ubuntu 11.4.0-1ubuntu1~22.04.2' --with-bugurl=file:///usr/share/doc/gcc-11/README.Bugs --enable-languages=c ada c++ go brig d fortran objc obj-c++ m2 --prefix=/usr --with-gcc-major-version-only --program-suffix=-11 --program-prefix=x86_64-linux-gnu- --enable-shared --enable-linker-build-id --libexecdir=/usr/lib --without-included-gettext --enable-threads=posix --libdir=/usr/lib --enable-nls --enable-bootstrap --enable-clocale=gnu --enable-libstdcxx-debug --enable-libstdcxx-time=yes --with-default-libstdcxx-abi=new --enable-gnu-unique-object --disable-vtable-verify --enable-plugin --enable-default-pie --with-system-zlib --enable-libphobos-checking=release --with-target-system-zlib=auto --enable-objc-gc=auto --enable-multiarch --disable-werror --enable-cet --with-arch-32=i686 --with-abi=m64 --with-multilib-list=m32 m64 mx32 --enable-multilib --with-tune=generic --enable-offload-targets=nvptx-none=/build/gcc-11-2Y5pKs/gcc-11-11.4.0/debian/tmp-nvptx/usr amdgcn-amdhsa=/build/gcc-11-2Y5pKs/gcc-11-11.4.0/debian/tmp-gcn/usr --without-cuda-driver --enable-checking=release --build=x86_64-linux-gnu --host=x86_64-linux-gnu --target=x86_64-linux-gnu --with-build-config=bootstrap-lto-lean --enable-link-serialization=2]
  ignore line: [Thread model: posix]
  ignore line: [Supported LTO compression algorithms: zlib zstd]
  ignore line: [gcc version 11.4.0 (Ubuntu 11.4.0-1ubuntu1~22.04.2) ]
  ignore line: [COMPILER_PATH=/usr/lib/gcc/x86_64-linux-gnu/11/:/usr/lib/gcc/x86_64-linux-gnu/11/:/usr/lib/gcc/x86_64-linux-gnu/:/usr/lib/gcc/x86_64-linux-gnu/11/:/usr/lib/gcc/x86_64-linux-gnu/]
  ignore line: [LIBRARY_PATH=/usr/lib/gcc/x86_64-linux-gnu/11/:/usr/lib/gcc/x86_64-linux-gnu/11/../../../x86_64-linux-gnu/:/usr/lib/gcc/x86_64-linux-gnu/11/../../../../lib/:/lib/x86_64-linux-gnu/:/lib/../lib/:/usr/lib/x86_64-linux-gnu/:/usr/lib/../lib/:/usr/lib/gcc/x86_64-linux-gnu/11/../../../:/lib/:/usr/lib/]
  ignore line: [COLLECT_GCC_OPTIONS='-v' '-o' 'cmTC_463e9' '-shared-libgcc' '-mtune=generic' '-march=x86-64' '-dumpdir' 'cmTC_463e9.']
  link line: [ /usr/lib/gcc/x86_64-linux-gnu/11/collect2 -plugin /usr/lib/gcc/x86_64-linux-gnu/11/liblto_plugin.so -plugin-opt=/usr/lib/gcc/x86_64-linux-gnu/11/lto-wrapper -plugin-opt=-fresolution=/tmp/ccFDnBuZ.res -plugin-opt=-pass-through=-lgcc_s -plugin-opt=-pass-through=-lgcc -plugin-opt=-pass-through=-lc -plugin-opt=-pass-through=-lgcc_s -plugin-opt=-pass-through=-lgcc --build-id --eh-frame-hdr -m elf_x86_64 --hash-style=gnu --as-needed -dynamic-linker /lib64/ld-linux-x86-64.so.2 -pie -z now -z relro -o cmTC_463e9 /usr/lib/gcc/x86_64-linux-gnu/11/../../../x86_64-linux-gnu/Scrt1.o /usr/lib/gcc/x86_64-linux-gnu/11/../../../x86_64-linux-gnu/crti.o /usr/lib/gcc/x86_64-linux-gnu/11/crtbeginS.o -L/usr/lib/gcc/x86_64-linux-gnu/11 -L/usr/lib/gcc/x86_64-linux-gnu/11/../../../x86_64-linux-gnu -L/usr/lib/gcc/x86_64-linux-gnu/11/../../../../lib -L/lib/x86_64-linux-gnu -L/lib/../lib -L/usr/lib/x86_64-linux-gnu -L/usr/lib/../lib -L/usr/lib/gcc/x86_64-linux-gnu/11/../../.. CMakeFiles/cmTC_463e9.dir/CMakeCXXCompilerABI.cpp.o -lstdc++ -lm -lgcc_s -lgcc -lc -lgcc_s -lgcc /usr/lib/gcc/x86_64-linux-gnu/11/crtendS.o /usr/lib/gcc/x86_64-linux-gnu/11/../../../x86_64-linux-gnu/crtn.o]
    arg [/usr/lib/gcc/x86_64-linux-gnu/11/collect2] ==> ignore
    arg [-plugin] ==> ignore
    arg [/usr/lib/gcc/x86_64-linux-gnu/11/liblto_plugin.so] ==> ignore
    arg [-plugin-opt=/usr/lib/gcc/x86_64-linux-gnu/11/lto-wrapper] ==> ignore
    arg [-plugin-opt=-fresolution=/tmp/ccFDnBuZ.res] ==> ignore
    arg [-plugin-opt=-pass-through=-lgcc_s] ==> ignore
    arg [-plugin-opt=-pass-through=-lgcc] ==> ignore
    arg [-plugin-opt=-pass-through=-lc] ==> ignore
    arg [-plugin-opt=-pass-through=-lgcc_s] ==> ignore
    arg [-plugin-opt=-pass-through=-lgcc] ==> ignore
    arg [--build-id] ==> ignore
    arg [--eh-frame-hdr] ==> ignore
    arg [-m] ==> ignore
    arg [elf_x86_64] ==> ignore
    arg [--hash-style=gnu] ==> ignore
    arg [--as-needed] ==> ignore
    arg [-dynamic-linker] ==> ignore
    arg [/lib64/ld-linux-x86-64.so.2] ==> ignore
    arg [-pie] ==> ignore
    arg [-znow] ==> ignore
    arg [-zrelro] ==> ignore
    arg [-o] ==> ignore
    arg [cmTC_463e9] ==> ignore
    arg [/usr/lib/gcc/x86_64-linux-gnu/11/../../../x86_64-linux-gnu/Scrt1.o] ==> obj [/usr/lib/gcc/x86_64-linux-gnu/11/../../../x86_64-linux-gnu/Scrt1.o]
    arg [/usr/lib/gcc/x86_64-linux-gnu/11/../../../x86_64-linux-gnu/crti.o] ==> obj [/usr/lib/gcc/x86_64-linux-gnu/11/../../../x86_64-linux-gnu/crti.o]
    arg [/usr/lib/gcc/x86_64-linux-gnu/11/crtbeginS.o] ==> obj [/usr/lib/gcc/x86_64-linux-gnu/11/crtbeginS.o]
    arg [-L/usr/lib/gcc/x86_64-linux-gnu/11] ==> dir [/usr/lib/gcc/x86_64-linux-gnu/11]
    arg [-L/usr/lib/gcc/x86_64-linux-gnu/11/../../../x86_64-linux-gnu] ==> dir [/usr/lib/gcc/x86_64-linux-gnu/11/../../../x86_64-linux-gnu]
    arg [-L/usr/lib/gcc/x86_64-linux-gnu/11/../../../../lib] ==> dir [/usr/lib/gcc/x86_64-linux-gnu/11/../../../../lib]
    arg [-L/lib/x86_64-linux-gnu] ==> dir [/lib/x86_64-linux-gnu]
    arg [-L/lib/../lib] ==> dir [/lib/../lib]
    arg [-L/usr/lib/x86_64-linux-gnu] ==> dir [/usr/lib/x86_64-linux-gnu]
    arg [-L/usr/lib/../lib] ==> dir [/usr/lib/../lib]
    arg [-L/usr/lib/gcc/x86_64-linux-gnu/11/../../..] ==> dir [/usr/lib/gcc/x86_64-linux-gnu/11/../../..]
    arg [CMakeFiles/cmTC_463e9.dir/CMakeCXXCompilerABI.cpp.o] ==> ignore
    arg [-lstdc++] ==> lib [stdc++]
    arg [-lm] ==> lib [m]
    arg [-lgcc_s] ==> lib [gcc_s]
    arg [-lgcc] ==> lib [gcc]
    arg [-lc] ==> lib [c]
    arg [-lgcc_s] ==> lib [gcc_s]
    arg [-lgcc] ==> lib [gcc]
    arg [/usr/lib/gcc/x86_64-linux-gnu/11/crtendS.o] ==> obj [/usr/lib/gcc/x86_64-linux-gnu/11/crtendS.o]
    arg [/usr/lib/gcc/x86_64-linux-gnu/11/../../../x86_64-linux-gnu/crtn.o] ==> obj [/usr/lib/gcc/x86_64-linux-gnu/11/../../../x86_64-linux-gnu/crtn.o]
  collapse obj [/usr/lib/gcc/x86_64-linux-gnu/11/../../../x86_64-linux-gnu/Scrt1.o] ==> [/usr/lib/x86_64-linux-gnu/Scrt1.o]
  collapse obj [/usr/lib/gcc/x86_64-linux-gnu/11/../../../x86_64-linux-gnu/crti.o] ==> [/usr/lib/x86_64-linux-gnu/crti.o]
  collapse obj [/usr/lib/gcc/x86_64-linux-gnu/11/../../../x86_64-linux-gnu/crtn.o] ==> [/usr/lib/x86_64-linux-gnu/crtn.o]
  collapse library dir [/usr/lib/gcc/x86_64-linux-gnu/11] ==> [/usr/lib/gcc/x86_64-linux-gnu/11]
  collapse library dir [/usr/lib/gcc/x86_64-linux-gnu/11/../../../x86_64-linux-gnu] ==> [/usr/lib/x86_64-linux-gnu]
  collapse library dir [/usr/lib/gcc/x86_64-linux-gnu/11/../../../../lib] ==> [/usr/lib]
  collapse library dir [/lib/x86_64-linux-gnu] ==> [/lib/x86_64-linux-gnu]
  collapse library dir [/lib/../lib] ==> [/lib]
  collapse library dir [/usr/lib/x86_64-linux-gnu] ==> [/usr/lib/x86_64-linux-gnu]
  collapse library dir [/usr/lib/../lib] ==> [/usr/lib]
  collapse library dir [/usr/lib/gcc/x86_64-linux-gnu/11/../../..] ==> [/usr/lib]
  implicit libs: [stdc++;m;gcc_s;gcc;c;gcc_s;gcc]
  implicit objs: [/usr/lib/x86_64-linux-gnu/Scrt1.o;/usr/lib/x86_64-linux-gnu/crti.o;/usr/lib/gcc/x86_64-linux-gnu/11/crtbeginS.o;/usr/lib/gcc/x86_64-linux-gnu/11/crtendS.o;/usr/lib/x86_64-linux-gnu/crtn.o]
  implicit dirs: [/usr/lib/gcc/x86_64-linux-gnu/11;/usr/lib/x86_64-linux-gnu;/usr/lib;/lib/x86_64-linux-gnu;/lib]
  implicit fwks: []


Determining if the include file pthread.h exists passed with the following output:
Change Dir: /home/krish/MTP/ns3/ns-allinone-3.36.1/ns-3.36.1/build/CMakeFiles/CMakeTmp

Run Build Command(s):/usr/bin/gmake -f Makefile cmTC_65e75/fast && /usr/bin/gmake  -f CMakeFiles/cmTC_65e75.dir/build.make CMakeFiles/cmTC_65e75.dir/build
gmake[1]: Entering directory '/home/krish/MTP/ns3/ns-allinone-3.36.1/ns-3.36.1/build/CMakeFiles/CMakeTmp'
Building CXX object CMakeFiles/cmTC_65e75.dir/CheckIncludeFile.cxx.o
/usr/bin/g++   -fPIE -std=gnu++17 -o CMakeFiles/cmTC_65e75.dir/CheckIncludeFile.cxx.o -c /home/krish/MTP/ns3/ns-allinone-3.36.1/ns-3.36.1/build/CMakeFiles/CMakeTmp/CheckIncludeFile.cxx
Linking CXX executable cmTC_65e75
/usr/bin/cmake -E cmake_link_script CMakeFiles/cmTC_65e75.dir/link.txt --verbose=1
/usr/bin/g++ CMakeFiles/cmTC_65e75.dir/CheckIncludeFile.cxx.o -o cmTC_65e75 
gmake[1]: Leaving directory '/home/krish/MTP/ns3/ns-allinone-3.36.1/ns-3.36.1/build/CMakeFiles/CMakeTmp'



Performing C++ SOURCE FILE Test CMAKE_HAVE_LIBC_PTHREAD succeeded with the following output:
Change Dir: /home/krish/MTP/ns3/ns-allinone-3.36.1/ns-3.36.1/build/CMakeFiles/CMakeTmp

Run Build Command(s):/usr/bin/gmake -f Makefile cmTC_848fd/fast && /usr/bin/gmake  -f CMakeFiles/cmTC_848fd.dir/build.make CMakeFiles/cmTC_848fd.dir/build
gmake[1]: Entering directory '/home/krish/MTP/ns3/ns-allinone-3.36.1/ns-3.36.1/build/CMakeFiles/CMakeTmp'
Building CXX object CMakeFiles/cmTC_848fd.dir/src.cxx.o
/usr/bin/g++ -DCMAKE_HAVE_LIBC_PTHREAD  -fPIE -std=gnu++17 -o CMakeFiles/cmTC_848fd.dir/src.cxx.o -c /home/krish/MTP/ns3/ns-allinone-3.36.1/ns-3.36.1/build/CMakeFiles/CMakeTmp/src.cxx
Linking CXX executable cmTC_848fd
/usr/bin/cmake -E cmake_link_script CMakeFiles/cmTC_848fd.dir/link.txt --verbose=1
/usr/bin/g++ CMakeFiles/cmTC_848fd.dir/src.cxx.o -o cmTC_848fd 
gmake[1]: Leaving directory '/home/krish/MTP/ns3/ns-allinone-3.36.1/ns-3.36.1/build/CMakeFiles/CMakeTmp'


Source file was:
#include <pthread.h>

static void* test_func(void* data)
{
  return data;
}

int main(void)
{
  pthread_t thread;
  pthread_create(&thread, NULL, test_func, NULL);
  pthread_detach(thread);
  pthread_cancel(thread);
  pthread_join(thread, NULL);
  pthread_atfork(NULL, NULL, NULL);
  pthread_exit(NULL);

  return 0;
}

Performing C++ SOURCE FILE Test HAVE___UINT128_T succeeded with the following output:
Change Dir: /home/krish/MTP/ns3/ns-allinone-3.36.1/ns-3.36.1/build/CMakeFiles/CMakeTmp

Run Build Command(s):/usr/bin/gmake -f Makefile cmTC_7db4c/fast && /usr/bin/gmake  -f CMakeFiles/cmTC_7db4c.dir/build.make CMakeFiles/cmTC_7db4c.dir/build
gmake[1]: Entering directory '/home/krish/MTP/ns3/ns-allinone-3.36.1/ns-3.36.1/build/CMakeFiles/CMakeTmp'
Building CXX object CMakeFiles/cmTC_7db4c.dir/src.cxx.o
/usr/bin/g++ -DHAVE___UINT128_T  -fPIE -std=gnu++17 -o CMakeFiles/cmTC_7db4c.dir/src.cxx.o -c /home/krish/MTP/ns3/ns-allinone-3.36.1/ns-3.36.1/build/CMakeFiles/CMakeTmp/src.cxx
Linking CXX executable cmTC_7db4c
/usr/bin/cmake -E cmake_link_script CMakeFiles/cmTC_7db4c.dir/link.txt --verbose=1
/usr/bin/g++ CMakeFiles/cmTC_7db4c.dir/src.cxx.o -o cmTC_7db4c 
gmake[1]: Leaving directory '/home/krish/MTP/ns3/ns-allinone-3.36.1/ns-3.36.1/build/CMakeFiles/CMakeTmp'


Source file was:
#include <stdint.h>
       int main(int argc, char **argv)
         {
           (void)argc; (void)argv;
           if ((__uint128_t *) 0) return 0;
           if (sizeof (__uint128_t)) return 0;
           return 1;
        }
Determining if the include file stdint.h exists passed with the following output:
Change Dir: /home/krish/MTP/ns3/ns-allinone-3.36.1/ns-3.36.1/build/CMakeFiles/CMakeTmp

Run Build Command(s):/usr/bin/gmake -f Makefile cmTC_5c97c/fast && /usr/bin/gmake  -f CMakeFiles/cmTC_5c97c.dir/build.make CMakeFiles/cmTC_5c97c.dir/build
gmake[1]: Entering directory '/home/krish/MTP/ns3/ns-allinone-3.36.1/ns-3.36.1/build/CMakeFiles/CMakeTmp'
Building CXX object CMakeFiles/cmTC_5c97c.dir/CheckIncludeFile.cxx.o
/usr/bin/g++   -fPIE -std=gnu++17 -o CMakeFiles/cmTC_5c97c.dir/CheckIncludeFile.cxx.o -c /home/krish/MTP/ns3/ns-allinone-3.36.1/ns-3.36.1/build/CMakeFiles/CMakeTmp/CheckIncludeFile.cxx
Linking CXX executable cmTC_5c97c
/usr/bin/cmake -E cmake_link_script CMakeFiles/cmTC_5c97c.dir/link.txt --verbose=1
/usr/bin/g++ CMakeFiles/cmTC_5c97c.dir/CheckIncludeFile.cxx.o -o cmTC_5c97c 
gmake[1]: Leaving directory '/home/krish/MTP/ns3/ns-allinone-3.36.1/ns-3.36.1/build/CMakeFiles/CMakeTmp'



Determining if the include file inttypes.h exists passed with the following output:
Change Dir: /home/krish/MTP/ns3/ns-allinone-3.36.1/ns-3.36.1/build/CMakeFiles/CMakeTmp

Run Build Command(s):/usr/bin/gmake -f Makefile cmTC_127a0/fast && /usr/bin/gmake  -f CMakeFiles/cmTC_127a0.dir/build.make CMakeFiles/cmTC_127a0.dir/build
gmake[1]: Entering directory '/home/krish/MTP/ns3/ns-allinone-3.36.1/ns-3.36.1/build/CMakeFiles/CMakeTmp'
Building CXX object CMakeFiles/cmTC_127a0.dir/CheckIncludeFile.cxx.o
/usr/bin/g++   -fPIE -std=gnu++17 -o CMakeFiles/cmTC_127a0.dir/CheckIncludeFile.cxx.o -c /home/krish/MTP/ns3/ns-allinone-3.36.1/ns-3.36.1/build/CMakeFiles/CMakeTmp/CheckIncludeFile.cxx
Linking CXX executable cmTC_127a0
/usr/bin/cmake -E cmake_link_script CMakeFiles/cmTC_127a0.dir/link.txt --verbose=1
/usr/bin/g++ CMakeFiles/cmTC_127a0.dir/CheckIncludeFile.cxx.o -o cmTC_127a0 
gmake[1]: Leaving directory '/home/krish/MTP/ns3/ns-allinone-3.36.1/ns-3.36.1/build/CMakeFiles/CMakeTmp'



Determining if the include file sys/types.h exists passed with the following output:
Change Dir: /home/krish/MTP/ns3/ns-allinone-3.36.1/ns-3.36.1/build/CMakeFiles/CMakeTmp

Run Build Command(s):/usr/bin/gmake -f Makefile cmTC_d4bfb/fast && /usr/bin/gmake  -f CMakeFiles/cmTC_d4bfb.dir/build.make CMakeFiles/cmTC_d4bfb.dir/build
gmake[1]: Entering directory '/home/krish/MTP/ns3/ns-allinone-3.36.1/ns-3.36.1/build/CMakeFiles/CMakeTmp'
Building CXX object CMakeFiles/cmTC_d4bfb.dir/CheckIncludeFile.cxx.o
/usr/bin/g++   -fPIE -std=gnu++17 -o CMakeFiles/cmTC_d4bfb.dir/CheckIncludeFile.cxx.o -c /home/krish/MTP/ns3/ns-allinone-3.36.1/ns-3.36.1/build/CMakeFiles/CMakeTmp/CheckIncludeFile.cxx
Linking CXX executable cmTC_d4bfb
/usr/bin/cmake -E cmake_link_script CMakeFiles/cmTC_d4bfb.dir/link.txt --verbose=1
/usr/bin/g++ CMakeFiles/cmTC_d4bfb.dir/CheckIncludeFile.cxx.o -o cmTC_d4bfb 
gmake[1]: Leaving directory '/home/krish/MTP/ns3/ns-allinone-3.36.1/ns-3.36.1/build/CMakeFiles/CMakeTmp'



Determining if the include file sys/stat.h exists passed with the following output:
Change Dir: /home/krish/MTP/ns3/ns-allinone-3.36.1/ns-3.36.1/build/CMakeFiles/CMakeTmp

Run Build Command(s):/usr/bin/gmake -f Makefile cmTC_2cd9f/fast && /usr/bin/gmake  -f CMakeFiles/cmTC_2cd9f.dir/build.make CMakeFiles/cmTC_2cd9f.dir/build
gmake[1]: Entering directory '/home/krish/MTP/ns3/ns-allinone-3.36.1/ns-3.36.1/build/CMakeFiles/CMakeTmp'
Building CXX object CMakeFiles/cmTC_2cd9f.dir/CheckIncludeFile.cxx.o
/usr/bin/g++   -fPIE -std=gnu++17 -o CMakeFiles/cmTC_2cd9f.dir/CheckIncludeFile.cxx.o -c /home/krish/MTP/ns3/ns-allinone-3.36.1/ns-3.36.1/build/CMakeFiles/CMakeTmp/CheckIncludeFile.cxx
Linking CXX executable cmTC_2cd9f
/usr/bin/cmake -E cmake_link_script CMakeFiles/cmTC_2cd9f.dir/link.txt --verbose=1
/usr/bin/g++ CMakeFiles/cmTC_2cd9f.dir/CheckIncludeFile.cxx.o -o cmTC_2cd9f 
gmake[1]: Leaving directory '/home/krish/MTP/ns3/ns-allinone-3.36.1/ns-3.36.1/build/CMakeFiles/CMakeTmp'



Determining if the include file dirent.h exists passed with the following output:
Change Dir: /home/krish/MTP/ns3/ns-allinone-3.36.1/ns-3.36.1/build/CMakeFiles/CMakeTmp

Run Build Command(s):/usr/bin/gmake -f Makefile cmTC_962f8/fast && /usr/bin/gmake  -f CMakeFiles/cmTC_962f8.dir/build.make CMakeFiles/cmTC_962f8.dir/build
gmake[1]: Entering directory '/home/krish/MTP/ns3/ns-allinone-3.36.1/ns-3.36.1/build/CMakeFiles/CMakeTmp'
Building CXX object CMakeFiles/cmTC_962f8.dir/CheckIncludeFile.cxx.o
/usr/bin/g++   -fPIE -std=gnu++17 -o CMakeFiles/cmTC_962f8.dir/CheckIncludeFile.cxx.o -c /home/krish/MTP/ns3/ns-allinone-3.36.1/ns-3.36.1/build/CMakeFiles/CMakeTmp/CheckIncludeFile.cxx
Linking CXX executable cmTC_962f8
/usr/bin/cmake -E cmake_link_script CMakeFiles/cmTC_962f8.dir/link.txt --verbose=1
/usr/bin/g++ CMakeFiles/cmTC_962f8.dir/CheckIncludeFile.cxx.o -o cmTC_962f8 
gmake[1]: Leaving directory '/home/krish/MTP/ns3/ns-allinone-3.36.1/ns-3.36.1/build/CMakeFiles/CMakeTmp'



Determining if the include file stdlib.h exists passed with the following output:
Change Dir: /home/krish/MTP/ns3/ns-allinone-3.36.1/ns-3.36.1/build/CMakeFiles/CMakeTmp

Run Build Command(s):/usr/bin/gmake -f Makefile cmTC_6c8ec/fast && /usr/bin/gmake  -f CMakeFiles/cmTC_6c8ec.dir/build.make CMakeFiles/cmTC_6c8ec.dir/build
gmake[1]: Entering directory '/home/krish/MTP/ns3/ns-allinone-3.36.1/ns-3.36.1/build/CMakeFiles/CMakeTmp'
Building CXX object CMakeFiles/cmTC_6c8ec.dir/CheckIncludeFile.cxx.o
/usr/bin/g++   -fPIE -std=gnu++17 -o CMakeFiles/cmTC_6c8ec.dir/CheckIncludeFile.cxx.o -c /home/krish/MTP/ns3/ns-allinone-3.36.1/ns-3.36.1/build/CMakeFiles/CMakeTmp/CheckIncludeFile.cxx
Linking CXX executable cmTC_6c8ec
/usr/bin/cmake -E cmake_link_script CMakeFiles/cmTC_6c8ec.dir/link.txt --verbose=1
/usr/bin/g++ CMakeFiles/cmTC_6c8ec.dir/CheckIncludeFile.cxx.o -o cmTC_6c8ec 
gmake[1]: Leaving directory '/home/krish/MTP/ns3/ns-allinone-3.36.1/ns-3.36.1/build/CMakeFiles/CMakeTmp'



Determining if the include file signal.h exists passed with the following output:
Change Dir: /home/krish/MTP/ns3/ns-allinone-3.36.1/ns-3.36.1/build/CMakeFiles/CMakeTmp

Run Build Command(s):/usr/bin/gmake -f Makefile cmTC_96ed2/fast && /usr/bin/gmake  -f CMakeFiles/cmTC_96ed2.dir/build.make CMakeFiles/cmTC_96ed2.dir/build
gmake[1]: Entering directory '/home/krish/MTP/ns3/ns-allinone-3.36.1/ns-3.36.1/build/CMakeFiles/CMakeTmp'
Building CXX object CMakeFiles/cmTC_96ed2.dir/CheckIncludeFile.cxx.o
/usr/bin/g++   -fPIE -std=gnu++17 -o CMakeFiles/cmTC_96ed2.dir/CheckIncludeFile.cxx.o -c /home/krish/MTP/ns3/ns-allinone-3.36.1/ns-3.36.1/build/CMakeFiles/CMakeTmp/CheckIncludeFile.cxx
Linking CXX executable cmTC_96ed2
/usr/bin/cmake -E cmake_link_script CMakeFiles/cmTC_96ed2.dir/link.txt --verbose=1
/usr/bin/g++ CMakeFiles/cmTC_96ed2.dir/CheckIncludeFile.cxx.o -o cmTC_96ed2 
gmake[1]: Leaving directory '/home/krish/MTP/ns3/ns-allinone-3.36.1/ns-3.36.1/build/CMakeFiles/CMakeTmp'



Determining if the include file netpacket/packet.h exists passed with the following output:
Change Dir: /home/krish/MTP/ns3/ns-allinone-3.36.1/ns-3.36.1/build/CMakeFiles/CMakeTmp

Run Build Command(s):/usr/bin/gmake -f Makefile cmTC_8d9d0/fast && /usr/bin/gmake  -f CMakeFiles/cmTC_8d9d0.dir/build.make CMakeFiles/cmTC_8d9d0.dir/build
gmake[1]: Entering directory '/home/krish/MTP/ns3/ns-allinone-3.36.1/ns-3.36.1/build/CMakeFiles/CMakeTmp'
Building CXX object CMakeFiles/cmTC_8d9d0.dir/CheckIncludeFile.cxx.o
/usr/bin/g++   -fPIE -std=gnu++17 -o CMakeFiles/cmTC_8d9d0.dir/CheckIncludeFile.cxx.o -c /home/krish/MTP/ns3/ns-allinone-3.36.1/ns-3.36.1/build/CMakeFiles/CMakeTmp/CheckIncludeFile.cxx
Linking CXX executable cmTC_8d9d0
/usr/bin/cmake -E cmake_link_script CMakeFiles/cmTC_8d9d0.dir/link.txt --verbose=1
/usr/bin/g++ CMakeFiles/cmTC_8d9d0.dir/CheckIncludeFile.cxx.o -o cmTC_8d9d0 
gmake[1]: Leaving directory '/home/krish/MTP/ns3/ns-allinone-3.36.1/ns-3.36.1/build/CMakeFiles/CMakeTmp'



Determining if the function getenv exists passed with the following output:
Change Dir: /home/krish/MTP/ns3/ns-allinone-3.36.1/ns-3.36.1/build/CMakeFiles/CMakeTmp

Run Build Command(s):/usr/bin/gmake -f Makefile cmTC_fc04e/fast && /usr/bin/gmake  -f CMakeFiles/cmTC_fc04e.dir/build.make CMakeFiles/cmTC_fc04e.dir/build
gmake[1]: Entering directory '/home/krish/MTP/ns3/ns-allinone-3.36.1/ns-3.36.1/build/CMakeFiles/CMakeTmp'
Building CXX object CMakeFiles/cmTC_fc04e.dir/CheckFunctionExists.cxx.o
/usr/bin/g++   -DCHECK_FUNCTION_EXISTS=getenv -fPIE -std=gnu++17 -o CMakeFiles/cmTC_fc04e.dir/CheckFunctionExists.cxx.o -c /home/krish/MTP/ns3/ns-allinone-3.36.1/ns-3.36.1/build/CMakeFiles/CheckFunctionExists/CheckFunctionExists.cxx
Linking CXX executable cmTC_fc04e
/usr/bin/cmake -E cmake_link_script CMakeFiles/cmTC_fc04e.dir/link.txt --verbose=1
/usr/bin/g++  -DCHECK_FUNCTION_EXISTS=getenv CMakeFiles/cmTC_fc04e.dir/CheckFunctionExists.cxx.o -o cmTC_fc04e 
gmake[1]: Leaving directory '/home/krish/MTP/ns3/ns-allinone-3.36.1/ns-3.36.1/build/CMakeFiles/CMakeTmp'



Determining if files boost/units/quantity.hpp;boost/units/systems/si.hpp exist passed with the following output:
Change Dir: /home/krish/MTP/ns3/ns-allinone-3.36.1/ns-3.36.1/build/CMakeFiles/CMakeTmp

Run Build Command(s):/usr/bin/gmake -f Makefile cmTC_bc94d/fast && /usr/bin/gmake  -f CMakeFiles/cmTC_bc94d.dir/build.make CMakeFiles/cmTC_bc94d.dir/build
gmake[1]: Entering directory '/home/krish/MTP/ns3/ns-allinone-3.36.1/ns-3.36.1/build/CMakeFiles/CMakeTmp'
Building CXX object CMakeFiles/cmTC_bc94d.dir/HAVE_BOOST_UNITS.cpp.o
/usr/bin/g++   -fPIE -std=gnu++17 -o CMakeFiles/cmTC_bc94d.dir/HAVE_BOOST_UNITS.cpp.o -c /home/krish/MTP/ns3/ns-allinone-3.36.1/ns-3.36.1/build/CMakeFiles/CheckIncludeFiles/HAVE_BOOST_UNITS.cpp
Linking CXX executable cmTC_bc94d
/usr/bin/cmake -E cmake_link_script CMakeFiles/cmTC_bc94d.dir/link.txt --verbose=1
/usr/bin/g++ CMakeFiles/cmTC_bc94d.dir/HAVE_BOOST_UNITS.cpp.o -o cmTC_bc94d 
gmake[1]: Leaving directory '/home/krish/MTP/ns3/ns-allinone-3.36.1/ns-3.36.1/build/CMakeFiles/CMakeTmp'



Determining if the include file net/ethernet.h exists passed with the following output:
Change Dir: /home/krish/MTP/ns3/ns-allinone-3.36.1/ns-3.36.1/build/CMakeFiles/CMakeTmp

Run Build Command(s):/usr/bin/gmake -f Makefile cmTC_b725e/fast && /usr/bin/gmake  -f CMakeFiles/cmTC_b725e.dir/build.make CMakeFiles/cmTC_b725e.dir/build
gmake[1]: Entering directory '/home/krish/MTP/ns3/ns-allinone-3.36.1/ns-3.36.1/build/CMakeFiles/CMakeTmp'
Building CXX object CMakeFiles/cmTC_b725e.dir/CheckIncludeFile.cxx.o
/usr/bin/g++   -fPIE -std=gnu++17 -o CMakeFiles/cmTC_b725e.dir/CheckIncludeFile.cxx.o -c /home/krish/MTP/ns3/ns-allinone-3.36.1/ns-3.36.1/build/CMakeFiles/CMakeTmp/CheckIncludeFile.cxx
Linking CXX executable cmTC_b725e
/usr/bin/cmake -E cmake_link_script CMakeFiles/cmTC_b725e.dir/link.txt --verbose=1
/usr/bin/g++ CMakeFiles/cmTC_b725e.dir/CheckIncludeFile.cxx.o -o cmTC_b725e 
gmake[1]: Leaving directory '/home/krish/MTP/ns3/ns-allinone-3.36.1/ns-3.36.1/build/CMakeFiles/CMakeTmp'



Determining if the include file netpacket/packet.h exists passed with the following output:
Change Dir: /home/krish/MTP/ns3/ns-allinone-3.36.1/ns-3.36.1/build/CMakeFiles/CMakeTmp

Run Build Command(s):/usr/bin/gmake -f Makefile cmTC_74275/fast && /usr/bin/gmake  -f CMakeFiles/cmTC_74275.dir/build.make CMakeFiles/cmTC_74275.dir/build
gmake[1]: Entering directory '/home/krish/MTP/ns3/ns-allinone-3.36.1/ns-3.36.1/build/CMakeFiles/CMakeTmp'
Building CXX object CMakeFiles/cmTC_74275.dir/CheckIncludeFile.cxx.o
/usr/bin/g++   -fPIE -std=gnu++17 -o CMakeFiles/cmTC_74275.dir/CheckIncludeFile.cxx.o -c /home/krish/MTP/ns3/ns-allinone-3.36.1/ns-3.36.1/build/CMakeFiles/CMakeTmp/CheckIncludeFile.cxx
Linking CXX executable cmTC_74275
/usr/bin/cmake -E cmake_link_script CMakeFiles/cmTC_74275.dir/link.txt --verbose=1
/usr/bin/g++ CMakeFiles/cmTC_74275.dir/CheckIncludeFile.cxx.o -o cmTC_74275 
gmake[1]: Leaving directory '/home/krish/MTP/ns3/ns-allinone-3.36.1/ns-3.36.1/build/CMakeFiles/CMakeTmp'



Determining if the include file net/if.h exists passed with the following output:
Change Dir: /home/krish/MTP/ns3/ns-allinone-3.36.1/ns-3.36.1/build/CMakeFiles/CMakeTmp

Run Build Command(s):/usr/bin/gmake -f Makefile cmTC_c8a13/fast && /usr/bin/gmake  -f CMakeFiles/cmTC_c8a13.dir/build.make CMakeFiles/cmTC_c8a13.dir/build
gmake[1]: Entering directory '/home/krish/MTP/ns3/ns-allinone-3.36.1/ns-3.36.1/build/CMakeFiles/CMakeTmp'
Building CXX object CMakeFiles/cmTC_c8a13.dir/CheckIncludeFile.cxx.o
/usr/bin/g++   -fPIE -std=gnu++17 -o CMakeFiles/cmTC_c8a13.dir/CheckIncludeFile.cxx.o -c /home/krish/MTP/ns3/ns-allinone-3.36.1/ns-3.36.1/build/CMakeFiles/CMakeTmp/CheckIncludeFile.cxx
Linking CXX executable cmTC_c8a13
/usr/bin/cmake -E cmake_link_script CMakeFiles/cmTC_c8a13.dir/link.txt --verbose=1
/usr/bin/g++ CMakeFiles/cmTC_c8a13.dir/CheckIncludeFile.cxx.o -o cmTC_c8a13 
gmake[1]: Leaving directory '/home/krish/MTP/ns3/ns-allinone-3.36.1/ns-3.36.1/build/CMakeFiles/CMakeTmp'



Determining if the include file linux/if_tun.h exists passed with the following output:
Change Dir: /home/krish/MTP/ns3/ns-allinone-3.36.1/ns-3.36.1/build/CMakeFiles/CMakeTmp

Run Build Command(s):/usr/bin/gmake -f Makefile cmTC_12c82/fast && /usr/bin/gmake  -f CMakeFiles/cmTC_12c82.dir/build.make CMakeFiles/cmTC_12c82.dir/build
gmake[1]: Entering directory '/home/krish/MTP/ns3/ns-allinone-3.36.1/ns-3.36.1/build/CMakeFiles/CMakeTmp'
Building CXX object CMakeFiles/cmTC_12c82.dir/CheckIncludeFile.cxx.o
/usr/bin/g++   -fPIE -std=gnu++17 -o CMakeFiles/cmTC_12c82.dir/CheckIncludeFile.cxx.o -c /home/krish/MTP/ns3/ns-allinone-3.36.1/ns-3.36.1/build/CMakeFiles/CMakeTmp/CheckIncludeFile.cxx
Linking CXX executable cmTC_12c82
/usr/bin/cmake -E cmake_link_script CMakeFiles/cmTC_12c82.dir/link.txt --verbose=1
/usr/bin/g++ CMakeFiles/cmTC_12c82.dir/CheckIncludeFile.cxx.o -o cmTC_12c82 
gmake[1]: Leaving directory '/home/krish/MTP/ns3/ns-allinone-3.36.1/ns-3.36.1/build/CMakeFiles/CMakeTmp'



Determining if the include file sys/ioctl.h exists passed with the following output:
Change Dir: /home/krish/MTP/ns3/ns-allinone-3.36.1/ns-3.36.1/build/CMakeFiles/CMakeTmp

Run Build Command(s):/usr/bin/gmake -f Makefile cmTC_48cf2/fast && /usr/bin/gmake  -f CMakeFiles/cmTC_48cf2.dir/build.make CMakeFiles/cmTC_48cf2.dir/build
gmake[1]: Entering directory '/home/krish/MTP/ns3/ns-allinone-3.36.1/ns-3.36.1/build/CMakeFiles/CMakeTmp'
Building CXX object CMakeFiles/cmTC_48cf2.dir/CheckIncludeFile.cxx.o
/usr/bin/g++   -fPIE -std=gnu++17 -o CMakeFiles/cmTC_48cf2.dir/CheckIncludeFile.cxx.o -c /home/krish/MTP/ns3/ns-allinone-3.36.1/ns-3.36.1/build/CMakeFiles/CMakeTmp/CheckIncludeFile.cxx
Linking CXX executable cmTC_48cf2
/usr/bin/cmake -E cmake_link_script CMakeFiles/cmTC_48cf2.dir/link.txt --verbose=1
/usr/bin/g++ CMakeFiles/cmTC_48cf2.dir/CheckIncludeFile.cxx.o -o cmTC_48cf2 
gmake[1]: Leaving directory '/home/krish/MTP/ns3/ns-allinone-3.36.1/ns-3.36.1/build/CMakeFiles/CMakeTmp'



